#
# A fatal error has been detected by the Java Runtime Environment:
#
#  SIGSEGV (0xb) at pc=0x000000012b188cdd, pid=1389, tid=0x000000000000d607
#
# JRE version: Java(TM) SE Runtime Environment (8.0_92-b14) (build 1.8.0_92-b14)
# Java VM: Java HotSpot(TM) 64-Bit Server VM (25.92-b14 mixed mode bsd-amd64 compressed oops)
# Problematic frame:
# C  [libawt_lwawt.dylib+0x1acdd]  OGLSD_SetScratchSurface+0x49
#
# Failed to write core dump. Core dumps have been disabled. To enable core dumping, try "ulimit -c unlimited" before starting Java again
#
# If you would like to submit a bug report, please visit:
#   http://bugreport.java.com/bugreport/crash.jsp
# The crash happened outside the Java Virtual Machine in native code.
# See problematic frame for where to report the bug.
#

---------------  T H R E A D  ---------------

Current thread (0x00007fa3b119c000):  JavaThread "Java2D Queue Flusher" daemon [_thread_in_native, id=54791, stack(0x00007000032d4000,0x00007000033d4000)]

siginfo: si_signo: 11 (SIGSEGV), si_code: 1 (SEGV_MAPERR), si_addr: 0x000000000000001b

Registers:
RAX=0x00000000ffffffff, RBX=0x000000000000001b, RCX=0x0000000000000047, RDX=0x000000012b1a9844
RSP=0x00007000033d3810, RBP=0x00007000033d3830, RSI=0x00007fa3b4f7cbd0, RDI=0x00007fa3b119c1f8
R8 =0x00000000d806ec3d, R9 =0x0000000000000000, R10=0x00000001129b7038, R11=0x0000000000000020
R12=0x0000000000000000, R13=0x00000006c03762b8, R14=0x00007fa3b119c1f8, R15=0x00007fa3b119c000
RIP=0x000000012b188cdd, EFLAGS=0x0000000000010206, ERR=0x0000000000000004
  TRAPNO=0x000000000000000e

Top of Stack: (sp=0x00007000033d3810)
0x00007000033d3810:   00007fa3b4f7cbd0 0000000000000000
0x00007000033d3820:   00007fa3b119f610 00007fa3b119c000
0x00007000033d3830:   00007000033d38b0 000000012b1a9322
0x00007000033d3840:   0000000000000064 00007fa3afebded8
0x00007000033d3850:   00007000033d38b0 000000010dcdd7b0
0x00007000033d3860:   0000000000000005 00007fa3b119c000
0x00007000033d3870:   00000006c0376201 00007fa3b119f620
0x00007000033d3880:   00007000003d3800 00007fa3b119c1f8
0x00007000033d3890:   0000000000000000 0000000000000000
0x00007000033d38a0:   00007000033d3908 00007fa3b119c000
0x00007000033d38b0:   00007000033d3900 00000001129b70aa
0x00007000033d38c0:   00000006c03761d0 00007000033d3908
0x00007000033d38d0:   0000000169214148 0000000000000000
0x00007000033d38e0:   00000001692140d8 0000000000000000
0x00007000033d38f0:   00007000033d3910 0000000000000000
0x00007000033d3900:   00000000d806ec3a 0000000112ddd1c0
0x00007000033d3910:   00000006c03761d0 00000006c03762b8
0x00007000033d3920:   0000000000000000 0000000000000000
0x00007000033d3930:   00000006c03762b8 00007000033d39d0
0x00007000033d3940:   0000000000000001 0000000000000000
0x00007000033d3950:   00007000033d39d0 00000001124417a7
0x00007000033d3960:   00000006c03762b8 000000076f58d8a0
0x00007000033d3970:   0000700000001fa0 000000000000000a
0x00007000033d3980:   00007fa3b119c000 0000000000000001
0x00007000033d3990:   000000011244171f 0000000111063e08
0x00007000033d39a0:   00007000033d3a68 00007000033d3d00
0x00007000033d39b0:   000000010000000a 0000000111063e08
0x00007000033d39c0:   0000000112454120 00007000033d3c70
0x00007000033d39d0:   00007000033d3b80 000000010dc7bc9a
0x00007000033d39e0:   0000700000000001 00007fa3b119c000
0x00007000033d39f0:   00007fa3b119c000 00007000033d3d00
0x00007000033d3a00:   00007fa3afebded0 0000000112454120 

Instructions: (pc=0x000000012b188cdd)
0x000000012b188cbd:   c0 e9 82 00 00 00 48 8b 5e 10 48 85 db 75 0e bf
0x000000012b188ccd:   01 00 00 00 48 8d 15 ef 76 03 00 eb d6 49 89 fe
0x000000012b188cdd:   4c 8b 3b 30 c0 e8 83 a3 02 00 49 8b 3f 49 89 c4
0x000000012b188ced:   48 8b 35 34 f9 05 00 30 c0 e8 a7 a4 02 00 48 85 

Register to memory mapping:

RAX=0x00000000ffffffff is an unknown value
RBX=0x000000000000001b is an unknown value
RCX=0x0000000000000047 is an unknown value
RDX=0x000000012b1a9844: Java_sun_java2d_opengl_OGLRenderQueue_flushBuffer+0xb5c in /Library/Java/JavaVirtualMachines/jdk1.8.0_92.jdk/Contents/Home/jre/lib/libawt_lwawt.dylib at 0x000000012b16e000
RSP=0x00007000033d3810 is pointing into the stack for thread: 0x00007fa3b119c000
RBP=0x00007000033d3830 is pointing into the stack for thread: 0x00007fa3b119c000
RSI=0x00007fa3b4f7cbd0 is an unknown value
RDI=0x00007fa3b119c1f8 is an unknown value
R8 =0x00000000d806ec3d is an unknown value
R9 =0x0000000000000000 is an unknown value
R10=0x00000001129b7038 is at entry_point+56 in (nmethod*)0x00000001129b6e90
R11=0x0000000000000020 is an unknown value
R12=0x0000000000000000 is an unknown value
R13=0x00000006c03762b8 is an oop
sun.java2d.opengl.OGLRenderQueue$QueueFlusher 
 - klass: 'sun/java2d/opengl/OGLRenderQueue$QueueFlusher'
R14=0x00007fa3b119c1f8 is an unknown value
R15=0x00007fa3b119c000 is a thread


Stack: [0x00007000032d4000,0x00007000033d4000],  sp=0x00007000033d3810,  free space=1022k
Native frames: (J=compiled Java code, j=interpreted, Vv=VM code, C=native code)
C  [libawt_lwawt.dylib+0x1acdd]  OGLSD_SetScratchSurface+0x49
C  [libawt_lwawt.dylib+0x3b322]  Java_sun_java2d_opengl_OGLRenderQueue_flushBuffer+0x63a
J 1755  sun.java2d.opengl.OGLRenderQueue.flushBuffer(JI)V (0 bytes) @ 0x00000001129b70aa [0x00000001129b7000+0xaa]
J 6531% C2 sun.java2d.opengl.OGLRenderQueue$QueueFlusher.run()V (234 bytes) @ 0x0000000112ddd1c0 [0x0000000112ddd040+0x180]
v  ~StubRoutines::call_stub
V  [libjvm.dylib+0x2ecc9a]
V  [libjvm.dylib+0x2ed428]
V  [libjvm.dylib+0x2ed5d4]
V  [libjvm.dylib+0x347dbd]
V  [libjvm.dylib+0x564c57]
V  [libjvm.dylib+0x566344]
V  [libjvm.dylib+0x485bbe]
C  [libsystem_pthread.dylib+0x393b]  _pthread_body+0xb4
C  [libsystem_pthread.dylib+0x3887]  _pthread_body+0x0
C  [libsystem_pthread.dylib+0x308d]  thread_start+0xd
C  0x0000000000000000

Java frames: (J=compiled Java code, j=interpreted, Vv=VM code)
J 1755  sun.java2d.opengl.OGLRenderQueue.flushBuffer(JI)V (0 bytes) @ 0x00000001129b7038 [0x00000001129b7000+0x38]
J 6531% C2 sun.java2d.opengl.OGLRenderQueue$QueueFlusher.run()V (234 bytes) @ 0x0000000112ddd1c0 [0x0000000112ddd040+0x180]
v  ~StubRoutines::call_stub

---------------  P R O C E S S  ---------------

Java Threads: ( => current thread )
  0x00007fa3b0201000 JavaThread "DestroyJavaVM" [_thread_blocked, id=7171, stack(0x000070000221e000,0x000070000231e000)]
  0x00007fa3b13ca800 JavaThread "SwingWorker-pool-1-thread-2" daemon [_thread_blocked, id=68875, stack(0x0000700003969000,0x0000700003a69000)]
  0x00007fa3b13cb000 JavaThread "SwingWorker-pool-1-thread-1" daemon [_thread_blocked, id=67987, stack(0x0000700003866000,0x0000700003966000)]
  0x00007fa3b1199000 JavaThread "AWT-EventQueue-0" [_thread_blocked, id=58627, stack(0x00007000036e0000,0x00007000037e0000)]
  0x00007fa3b1b7c800 JavaThread "TimerQueue" daemon [_thread_blocked, id=57615, stack(0x00007000034da000,0x00007000035da000)]
  0x00007fa3b1aed800 JavaThread "Java2D Disposer" daemon [_thread_blocked, id=56847, stack(0x00007000033d7000,0x00007000034d7000)]
=>0x00007fa3b119c000 JavaThread "Java2D Queue Flusher" daemon [_thread_in_native, id=54791, stack(0x00007000032d4000,0x00007000033d4000)]
  0x00007fa3b0815000 JavaThread "AWT-Shutdown" [_thread_blocked, id=29471, stack(0x00007000030cb000,0x00007000031cb000)]
  0x00007fa3b18fb800 JavaThread "AppKit Thread" daemon [_thread_in_native, id=775, stack(0x00007fff51aee000,0x00007fff522ee000)]
  0x00007fa3b187e000 JavaThread "Service Thread" daemon [_thread_blocked, id=18691, stack(0x0000700002e42000,0x0000700002f42000)]
  0x00007fa3b083a800 JavaThread "C1 CompilerThread2" daemon [_thread_blocked, id=18179, stack(0x0000700002d3f000,0x0000700002e3f000)]
  0x00007fa3b083a000 JavaThread "C2 CompilerThread1" daemon [_thread_blocked, id=17667, stack(0x0000700002c3c000,0x0000700002d3c000)]
  0x00007fa3b186a800 JavaThread "C2 CompilerThread0" daemon [_thread_blocked, id=17155, stack(0x0000700002b39000,0x0000700002c39000)]
  0x00007fa3b1869000 JavaThread "Signal Dispatcher" daemon [_thread_blocked, id=16643, stack(0x0000700002a36000,0x0000700002b36000)]
  0x00007fa3b100c800 JavaThread "Finalizer" daemon [_thread_blocked, id=12547, stack(0x0000700002933000,0x0000700002a33000)]
  0x00007fa3b0801800 JavaThread "Reference Handler" daemon [_thread_blocked, id=12035, stack(0x0000700002830000,0x0000700002930000)]

Other Threads:
  0x00007fa3b100a000 VMThread [stack: 0x000070000272d000,0x000070000282d000] [id=11523]
  0x00007fa3b106a800 WatcherThread [stack: 0x0000700002f45000,0x0000700003045000] [id=19203]

VM state:not at safepoint (normal execution)

VM Mutex/Monitor currently owned by a thread: None

Heap:
 PSYoungGen      total 26112K, used 5798K [0x000000076ab00000, 0x000000076ca80000, 0x00000007c0000000)
  eden space 20992K, 27% used [0x000000076ab00000,0x000000076b0a9af0,0x000000076bf80000)
  from space 5120K, 0% used [0x000000076bf80000,0x000000076bf80000,0x000000076c480000)
  to   space 5632K, 0% used [0x000000076c500000,0x000000076c500000,0x000000076ca80000)
 ParOldGen       total 73216K, used 22963K [0x00000006c0000000, 0x00000006c4780000, 0x000000076ab00000)
  object space 73216K, 31% used [0x00000006c0000000,0x00000006c166ce10,0x00000006c4780000)
 Metaspace       used 19397K, capacity 19696K, committed 19968K, reserved 1067008K
  class space    used 2419K, capacity 2516K, committed 2560K, reserved 1048576K

Card table byte_map: [0x000000010f5c0000,0x000000010fdc1000] byte_map_base: 0x000000010bfc0000

Marking Bits: (ParMarkBitMap*) 0x000000010e277bd0
 Begin Bits: [0x0000000121441000, 0x0000000125441000)
 End Bits:   [0x0000000125441000, 0x0000000129441000)

Polling page: 0x000000010e969000

CodeCache: size=245760Kb used=16666Kb max_used=16696Kb free=229093Kb
 bounds [0x0000000112441000, 0x00000001134c1000, 0x0000000121441000]
 total_blobs=5325 nmethods=4755 adapters=480
 compilation: enabled

Compilation events (10 events):
Event: 799832.399 Thread 0x00007fa3b083a800 6716       1       java.awt.geom.LineIterator::next (11 bytes)
Event: 799832.400 Thread 0x00007fa3b083a800 nmethod 6716 0x0000000112f346d0 code [0x0000000112f34820, 0x0000000112f34930]
Event: 799832.407 Thread 0x00007fa3b186a800 nmethod 6715 0x00000001132f4810 code [0x00000001132f4a80, 0x00000001132f5650]
Event: 799832.479 Thread 0x00007fa3b083a000 nmethod 6714 0x00000001134b9ed0 code [0x00000001134ba380, 0x00000001134bd620]
Event: 799832.678 Thread 0x00007fa3b083a800 6717       3       java.awt.geom.Point2D$Float::getX (6 bytes)
Event: 799832.679 Thread 0x00007fa3b083a800 nmethod 6717 0x0000000112f34e90 code [0x0000000112f34fe0, 0x0000000112f35130]
Event: 799832.679 Thread 0x00007fa3b083a800 6718       3       java.awt.geom.Point2D$Float::getY (6 bytes)
Event: 799832.679 Thread 0x00007fa3b083a800 nmethod 6718 0x0000000112571d90 code [0x0000000112571ee0, 0x0000000112572030]
Event: 799833.064 Thread 0x00007fa3b186a800 6719       4       java.awt.Rectangle::setBounds (10 bytes)
Event: 799833.064 Thread 0x00007fa3b186a800 nmethod 6719 0x00000001126d3250 code [0x00000001126d33a0, 0x00000001126d3418]

GC Heap History (10 events):
Event: 756144.571 GC heap before
{Heap before GC invocations=1260 (full 14):
 PSYoungGen      total 23552K, used 23156K [0x000000076ab00000, 0x000000076c980000, 0x00000007c0000000)
  eden space 20992K, 100% used [0x000000076ab00000,0x000000076bf80000,0x000000076bf80000)
  from space 2560K, 84% used [0x000000076bf80000,0x000000076c19d2e0,0x000000076c200000)
  to   space 5120K, 0% used [0x000000076c480000,0x000000076c480000,0x000000076c980000)
 ParOldGen       total 71680K, used 57891K [0x00000006c0000000, 0x00000006c4600000, 0x000000076ab00000)
  object space 71680K, 80% used [0x00000006c0000000,0x00000006c3888e08,0x00000006c4600000)
 Metaspace       used 19404K, capacity 19708K, committed 19968K, reserved 1067008K
  class space    used 2420K, capacity 2518K, committed 2560K, reserved 1048576K
Event: 756144.615 GC heap after
Heap after GC invocations=1260 (full 14):
 PSYoungGen      total 26112K, used 1088K [0x000000076ab00000, 0x000000076c980000, 0x00000007c0000000)
  eden space 20992K, 0% used [0x000000076ab00000,0x000000076ab00000,0x000000076bf80000)
  from space 5120K, 21% used [0x000000076c480000,0x000000076c590020,0x000000076c980000)
  to   space 5120K, 0% used [0x000000076bf80000,0x000000076bf80000,0x000000076c480000)
 ParOldGen       total 71680K, used 57891K [0x00000006c0000000, 0x00000006c4600000, 0x000000076ab00000)
  object space 71680K, 80% used [0x00000006c0000000,0x00000006c3888e08,0x00000006c4600000)
 Metaspace       used 19404K, capacity 19708K, committed 19968K, reserved 1067008K
  class space    used 2420K, capacity 2518K, committed 2560K, reserved 1048576K
}
Event: 775499.741 GC heap before
{Heap before GC invocations=1261 (full 14):
 PSYoungGen      total 26112K, used 22080K [0x000000076ab00000, 0x000000076c980000, 0x00000007c0000000)
  eden space 20992K, 100% used [0x000000076ab00000,0x000000076bf80000,0x000000076bf80000)
  from space 5120K, 21% used [0x000000076c480000,0x000000076c590020,0x000000076c980000)
  to   space 5120K, 0% used [0x000000076bf80000,0x000000076bf80000,0x000000076c480000)
 ParOldGen       total 71680K, used 57891K [0x00000006c0000000, 0x00000006c4600000, 0x000000076ab00000)
  object space 71680K, 80% used [0x00000006c0000000,0x00000006c3888e08,0x00000006c4600000)
 Metaspace       used 19404K, capacity 19708K, committed 19968K, reserved 1067008K
  class space    used 2420K, capacity 2518K, committed 2560K, reserved 1048576K
Event: 775499.744 GC heap after
Heap after GC invocations=1261 (full 14):
 PSYoungGen      total 26112K, used 704K [0x000000076ab00000, 0x000000076c980000, 0x00000007c0000000)
  eden space 20992K, 0% used [0x000000076ab00000,0x000000076ab00000,0x000000076bf80000)
  from space 5120K, 13% used [0x000000076bf80000,0x000000076c030010,0x000000076c480000)
  to   space 5120K, 0% used [0x000000076c480000,0x000000076c480000,0x000000076c980000)
 ParOldGen       total 71680K, used 57891K [0x00000006c0000000, 0x00000006c4600000, 0x000000076ab00000)
  object space 71680K, 80% used [0x00000006c0000000,0x00000006c3888e08,0x00000006c4600000)
 Metaspace       used 19404K, capacity 19708K, committed 19968K, reserved 1067008K
  class space    used 2420K, capacity 2518K, committed 2560K, reserved 1048576K
}
Event: 794834.494 GC heap before
{Heap before GC invocations=1262 (full 14):
 PSYoungGen      total 26112K, used 21696K [0x000000076ab00000, 0x000000076c980000, 0x00000007c0000000)
  eden space 20992K, 100% used [0x000000076ab00000,0x000000076bf80000,0x000000076bf80000)
  from space 5120K, 13% used [0x000000076bf80000,0x000000076c030010,0x000000076c480000)
  to   space 5120K, 0% used [0x000000076c480000,0x000000076c480000,0x000000076c980000)
 ParOldGen       total 71680K, used 57891K [0x00000006c0000000, 0x00000006c4600000, 0x000000076ab00000)
  object space 71680K, 80% used [0x00000006c0000000,0x00000006c3888e08,0x00000006c4600000)
 Metaspace       used 19404K, capacity 19708K, committed 19968K, reserved 1067008K
  class space    used 2420K, capacity 2518K, committed 2560K, reserved 1048576K
Event: 794834.496 GC heap after
Heap after GC invocations=1262 (full 14):
 PSYoungGen      total 26112K, used 672K [0x000000076ab00000, 0x000000076c980000, 0x00000007c0000000)
  eden space 20992K, 0% used [0x000000076ab00000,0x000000076ab00000,0x000000076bf80000)
  from space 5120K, 13% used [0x000000076c480000,0x000000076c528010,0x000000076c980000)
  to   space 5120K, 0% used [0x000000076bf80000,0x000000076bf80000,0x000000076c480000)
 ParOldGen       total 71680K, used 57891K [0x00000006c0000000, 0x00000006c4600000, 0x000000076ab00000)
  object space 71680K, 80% used [0x00000006c0000000,0x00000006c3888e08,0x00000006c4600000)
 Metaspace       used 19404K, capacity 19708K, committed 19968K, reserved 1067008K
  class space    used 2420K, capacity 2518K, committed 2560K, reserved 1048576K
}
Event: 799832.056 GC heap before
{Heap before GC invocations=1263 (full 14):
 PSYoungGen      total 26112K, used 20446K [0x000000076ab00000, 0x000000076c980000, 0x00000007c0000000)
  eden space 20992K, 94% used [0x000000076ab00000,0x000000076be4fbc8,0x000000076bf80000)
  from space 5120K, 13% used [0x000000076c480000,0x000000076c528010,0x000000076c980000)
  to   space 5120K, 0% used [0x000000076bf80000,0x000000076bf80000,0x000000076c480000)
 ParOldGen       total 71680K, used 57891K [0x00000006c0000000, 0x00000006c4600000, 0x000000076ab00000)
  object space 71680K, 80% used [0x00000006c0000000,0x00000006c3888e08,0x00000006c4600000)
 Metaspace       used 19404K, capacity 19708K, committed 19968K, reserved 1067008K
  class space    used 2420K, capacity 2518K, committed 2560K, reserved 1048576K
Event: 799832.097 GC heap after
Heap after GC invocations=1263 (full 14):
 PSYoungGen      total 26112K, used 4331K [0x000000076ab00000, 0x000000076ca80000, 0x00000007c0000000)
  eden space 20992K, 0% used [0x000000076ab00000,0x000000076ab00000,0x000000076bf80000)
  from space 5120K, 84% used [0x000000076bf80000,0x000000076c3bae38,0x000000076c480000)
  to   space 5632K, 0% used [0x000000076c500000,0x000000076c500000,0x000000076ca80000)
 ParOldGen       total 71680K, used 65484K [0x00000006c0000000, 0x00000006c4600000, 0x000000076ab00000)
  object space 71680K, 91% used [0x00000006c0000000,0x00000006c3ff3058,0x00000006c4600000)
 Metaspace       used 19404K, capacity 19708K, committed 19968K, reserved 1067008K
  class space    used 2420K, capacity 2518K, committed 2560K, reserved 1048576K
}
Event: 799832.097 GC heap before
{Heap before GC invocations=1264 (full 15):
 PSYoungGen      total 26112K, used 4331K [0x000000076ab00000, 0x000000076ca80000, 0x00000007c0000000)
  eden space 20992K, 0% used [0x000000076ab00000,0x000000076ab00000,0x000000076bf80000)
  from space 5120K, 84% used [0x000000076bf80000,0x000000076c3bae38,0x000000076c480000)
  to   space 5632K, 0% used [0x000000076c500000,0x000000076c500000,0x000000076ca80000)
 ParOldGen       total 71680K, used 65484K [0x00000006c0000000, 0x00000006c4600000, 0x000000076ab00000)
  object space 71680K, 91% used [0x00000006c0000000,0x00000006c3ff3058,0x00000006c4600000)
 Metaspace       used 19404K, capacity 19708K, committed 19968K, reserved 1067008K
  class space    used 2420K, capacity 2518K, committed 2560K, reserved 1048576K
Event: 799832.370 GC heap after
Heap after GC invocations=1264 (full 15):
 PSYoungGen      total 26112K, used 0K [0x000000076ab00000, 0x000000076ca80000, 0x00000007c0000000)
  eden space 20992K, 0% used [0x000000076ab00000,0x000000076ab00000,0x000000076bf80000)
  from space 5120K, 0% used [0x000000076bf80000,0x000000076bf80000,0x000000076c480000)
  to   space 5632K, 0% used [0x000000076c500000,0x000000076c500000,0x000000076ca80000)
 ParOldGen       total 73216K, used 22963K [0x00000006c0000000, 0x00000006c4780000, 0x000000076ab00000)
  object space 73216K, 31% used [0x00000006c0000000,0x00000006c166ce10,0x00000006c4780000)
 Metaspace       used 19397K, capacity 19696K, committed 19968K, reserved 1067008K
  class space    used 2419K, capacity 2516K, committed 2560K, reserved 1048576K
}

Deoptimization events (10 events):
Event: 726262.713 Thread 0x00007fa3b1199000 Uncommon trap: reason=class_check action=maybe_recompile pc=0x00000001134a22f4 method=sun.awt.image.ImageCache.setImage(Lsun/awt/image/ImageCache$PixelsKey;Ljava/awt/Image;)V @ 58
Event: 726262.724 Thread 0x00007fa3b1199000 Uncommon trap: reason=class_check action=maybe_recompile pc=0x00000001134a22f4 method=sun.awt.image.ImageCache.setImage(Lsun/awt/image/ImageCache$PixelsKey;Ljava/awt/Image;)V @ 58
Event: 726262.725 Thread 0x00007fa3b1199000 Uncommon trap: reason=class_check action=maybe_recompile pc=0x00000001134a22f4 method=sun.awt.image.ImageCache.setImage(Lsun/awt/image/ImageCache$PixelsKey;Ljava/awt/Image;)V @ 58
Event: 799832.378 Thread 0x00007fa3b1199000 Uncommon trap: reason=unstable_if action=reinterpret pc=0x00000001129e2c8c method=sun.awt.AppContext.getSoftReferenceValue(Ljava/lang/Object;Ljava/util/function/Supplier;)Ljava/lang/Object; @ 25
Event: 799832.380 Thread 0x00007fa3b1199000 Uncommon trap: reason=null_check action=make_not_entrant pc=0x000000011339bbd0 method=sun.font.FontDesignMetrics.getMetrics(Ljava/awt/Font;Ljava/awt/font/FontRenderContext;)Lsun/font/FontDesignMetrics; @ 114
Event: 799832.380 Thread 0x00007fa3b1199000 Uncommon trap: reason=null_check action=make_not_entrant pc=0x00000001127b2c54 method=sun.font.Font2D.getStrike(Lsun/font/FontStrikeDesc;Z)Lsun/font/FontStrike; @ 51
Event: 799832.381 Thread 0x00007fa3b1199000 Uncommon trap: reason=bimorphic action=maybe_recompile pc=0x0000000112954144 method=java.util.concurrent.ConcurrentHashMap.putVal(Ljava/lang/Object;Ljava/lang/Object;Z)Ljava/lang/Object; @ 192
Event: 799832.381 Thread 0x00007fa3b1199000 Uncommon trap: reason=unstable_if action=reinterpret pc=0x0000000112954528 method=java.awt.font.FontRenderContext.equals(Ljava/awt/font/FontRenderContext;)Z @ 53
Event: 799832.388 Thread 0x00007fa3b1199000 Uncommon trap: reason=unstable_if action=reinterpret pc=0x0000000113110ca0 method=com.apple.laf.AquaUtils$RecyclableObject.get()Ljava/lang/Object; @ 16
Event: 799832.397 Thread 0x00007fa3b1199000 Uncommon trap: reason=unstable_if action=reinterpret pc=0x00000001130f7d9c method=com.apple.laf.AquaUtils$RecyclableObject.get()Ljava/lang/Object; @ 16

Internal exceptions (10 events):
Event: 392248.912 Thread 0x00007fa3b1199000 Exception <a 'java/io/FileNotFoundException'> (0x000000076b4e9450) thrown at [/Users/java_re/workspace/8-2-build-macosx-x86_64/jdk8u92/6642/hotspot/src/share/vm/prims/jni.cpp, line 709]
Event: 392249.027 Thread 0x00007fa3b100c800 Implicit null exception at 0x0000000112e39cf5 to 0x0000000112e3ae56
Event: 392249.027 Thread 0x00007fa3b100c800 Exception <a 'java/lang/NullPointerException'> (0x000000076ab38fc8) thrown at [/Users/java_re/workspace/8-2-build-macosx-x86_64/jdk8u92/6642/hotspot/src/share/vm/runtime/sharedRuntime.cpp, line 605]
Event: 392249.027 Thread 0x00007fa3b100c800 Implicit null exception at 0x0000000112e39cf5 to 0x0000000112e3ae56
Event: 392249.027 Thread 0x00007fa3b100c800 Exception <a 'java/lang/NullPointerException'> (0x000000076ab391d0) thrown at [/Users/java_re/workspace/8-2-build-macosx-x86_64/jdk8u92/6642/hotspot/src/share/vm/runtime/sharedRuntime.cpp, line 605]
Event: 394030.460 Thread 0x00007fa3b1199000 Implicit null exception at 0x00000001130b21b9 to 0x00000001130b2f95
Event: 425979.688 Thread 0x00007fa3b18fb800 Implicit null exception at 0x0000000112b075cc to 0x0000000112b0771d
Event: 799832.379 Thread 0x00007fa3b1199000 Implicit null exception at 0x00000001133993b0 to 0x000000011339bbbd
Event: 799832.380 Thread 0x00007fa3b1199000 Implicit null exception at 0x00000001127b23c0 to 0x00000001127b2c45
Event: 799832.381 Thread 0x00007fa3b1199000 Implicit null exception at 0x00000001129538ad to 0x00000001129544ed

Events (10 events):
Event: 799832.689 Executing VM operation: RevokeBias done
Event: 799832.689 Executing VM operation: RevokeBias
Event: 799832.689 Executing VM operation: RevokeBias done
Event: 799832.690 Executing VM operation: RevokeBias
Event: 799832.690 Executing VM operation: RevokeBias done
Event: 799832.690 Executing VM operation: BulkRevokeBias
Event: 799832.690 Executing VM operation: BulkRevokeBias done
Event: 799832.690 Executing VM operation: RevokeBias
Event: 799832.690 Executing VM operation: RevokeBias done
Event: 799833.065 Thread 0x00007fa3b186a800 flushing nmethod 0x00000001128e1b50


Dynamic libraries:
0x000000002d688000 	/System/Library/Frameworks/Cocoa.framework/Versions/A/Cocoa
0x000000002d688000 	/System/Library/Frameworks/Security.framework/Versions/A/Security
0x000000002d688000 	/System/Library/Frameworks/ApplicationServices.framework/Versions/A/ApplicationServices
0x000000002d688000 	/usr/lib/libz.1.dylib
0x000000002d688000 	/usr/lib/libSystem.B.dylib
0x000000002d688000 	/usr/lib/libobjc.A.dylib
0x000000002d688000 	/System/Library/Frameworks/CoreFoundation.framework/Versions/A/CoreFoundation
0x000000002d688000 	/System/Library/Frameworks/Foundation.framework/Versions/C/Foundation
0x000000002d688000 	/System/Library/Frameworks/AppKit.framework/Versions/C/AppKit
0x000000002d688000 	/System/Library/Frameworks/CoreData.framework/Versions/A/CoreData
0x000000002d688000 	/System/Library/PrivateFrameworks/RemoteViewServices.framework/Versions/A/RemoteViewServices
0x000000002d688000 	/System/Library/PrivateFrameworks/UIFoundation.framework/Versions/A/UIFoundation
0x000000002d688000 	/System/Library/PrivateFrameworks/DFRFoundation.framework/Versions/A/DFRFoundation
0x000000002d688000 	/usr/lib/libenergytrace.dylib
0x000000002d688000 	/System/Library/PrivateFrameworks/SkyLight.framework/Versions/A/SkyLight
0x000000002d688000 	/System/Library/Frameworks/CoreGraphics.framework/Versions/A/CoreGraphics
0x000000002d688000 	/usr/lib/libScreenReader.dylib
0x000000002d688000 	/System/Library/Frameworks/Accelerate.framework/Versions/A/Accelerate
0x000000002d688000 	/System/Library/Frameworks/IOSurface.framework/Versions/A/IOSurface
0x000000002d688000 	/System/Library/Frameworks/AudioToolbox.framework/Versions/A/AudioToolbox
0x000000002d688000 	/System/Library/Frameworks/AudioUnit.framework/Versions/A/AudioUnit
0x000000002d688000 	/System/Library/PrivateFrameworks/DataDetectorsCore.framework/Versions/A/DataDetectorsCore
0x000000002d688000 	/System/Library/PrivateFrameworks/DesktopServicesPriv.framework/Versions/A/DesktopServicesPriv
0x000000002d688000 	/System/Library/Frameworks/Carbon.framework/Versions/A/Frameworks/HIToolbox.framework/Versions/A/HIToolbox
0x000000002d688000 	/usr/lib/libicucore.A.dylib
0x000000002d688000 	/System/Library/Frameworks/QuartzCore.framework/Versions/A/QuartzCore
0x000000002d688000 	/System/Library/Frameworks/Carbon.framework/Versions/A/Frameworks/SpeechRecognition.framework/Versions/A/SpeechRecognition
0x000000002d688000 	/usr/lib/libauto.dylib
0x000000002d688000 	/usr/lib/libxml2.2.dylib
0x000000002d688000 	/System/Library/PrivateFrameworks/CoreUI.framework/Versions/A/CoreUI
0x000000002d688000 	/System/Library/Frameworks/CoreAudio.framework/Versions/A/CoreAudio
0x000000002d688000 	/System/Library/Frameworks/DiskArbitration.framework/Versions/A/DiskArbitration
0x000000002d688000 	/usr/lib/liblangid.dylib
0x000000002d688000 	/System/Library/PrivateFrameworks/MultitouchSupport.framework/Versions/A/MultitouchSupport
0x000000002d688000 	/System/Library/Frameworks/IOKit.framework/Versions/A/IOKit
0x000000002d688000 	/usr/lib/libDiagnosticMessagesClient.dylib
0x000000002d688000 	/System/Library/Frameworks/CoreServices.framework/Versions/A/CoreServices
0x000000002d688000 	/System/Library/PrivateFrameworks/PerformanceAnalysis.framework/Versions/A/PerformanceAnalysis
0x000000002d688000 	/System/Library/PrivateFrameworks/GenerationalStorage.framework/Versions/A/GenerationalStorage
0x000000002d688000 	/System/Library/Frameworks/OpenGL.framework/Versions/A/OpenGL
0x000000002d688000 	/System/Library/Frameworks/CoreImage.framework/Versions/A/CoreImage
0x000000002d688000 	/System/Library/Frameworks/CoreText.framework/Versions/A/CoreText
0x000000002d688000 	/System/Library/Frameworks/ImageIO.framework/Versions/A/ImageIO
0x000000002d688000 	/System/Library/PrivateFrameworks/Backup.framework/Versions/A/Backup
0x000000002d688000 	/usr/lib/libarchive.2.dylib
0x000000002d688000 	/System/Library/Frameworks/CFNetwork.framework/Versions/A/CFNetwork
0x000000002d688000 	/System/Library/Frameworks/SystemConfiguration.framework/Versions/A/SystemConfiguration
0x000000002d688000 	/usr/lib/libCRFSuite.dylib
0x000000002d688000 	/usr/lib/libc++.1.dylib
0x000000002d688000 	/usr/lib/libc++abi.dylib
0x000000002d688000 	/usr/lib/system/libcache.dylib
0x000000002d688000 	/usr/lib/system/libcommonCrypto.dylib
0x000000002d688000 	/usr/lib/system/libcompiler_rt.dylib
0x000000002d688000 	/usr/lib/system/libcopyfile.dylib
0x000000002d688000 	/usr/lib/system/libcorecrypto.dylib
0x000000002d688000 	/usr/lib/system/libdispatch.dylib
0x000000002d688000 	/usr/lib/system/libdyld.dylib
0x000000002d688000 	/usr/lib/system/libkeymgr.dylib
0x000000002d688000 	/usr/lib/system/liblaunch.dylib
0x000000002d688000 	/usr/lib/system/libmacho.dylib
0x000000002d688000 	/usr/lib/system/libquarantine.dylib
0x000000002d688000 	/usr/lib/system/libremovefile.dylib
0x000000002d688000 	/usr/lib/system/libsystem_asl.dylib
0x000000002d688000 	/usr/lib/system/libsystem_blocks.dylib
0x000000002d688000 	/usr/lib/system/libsystem_c.dylib
0x000000002d688000 	/usr/lib/system/libsystem_configuration.dylib
0x000000002d688000 	/usr/lib/system/libsystem_coreservices.dylib
0x000000002d688000 	/usr/lib/system/libsystem_coretls.dylib
0x000000002d688000 	/usr/lib/system/libsystem_dnssd.dylib
0x000000002d688000 	/usr/lib/system/libsystem_info.dylib
0x000000002d688000 	/usr/lib/system/libsystem_kernel.dylib
0x000000002d688000 	/usr/lib/system/libsystem_m.dylib
0x000000002d688000 	/usr/lib/system/libsystem_malloc.dylib
0x000000002d688000 	/usr/lib/system/libsystem_network.dylib
0x000000002d688000 	/usr/lib/system/libsystem_networkextension.dylib
0x000000002d688000 	/usr/lib/system/libsystem_notify.dylib
0x000000002d688000 	/usr/lib/system/libsystem_platform.dylib
0x000000002d688000 	/usr/lib/system/libsystem_pthread.dylib
0x000000002d688000 	/usr/lib/system/libsystem_sandbox.dylib
0x000000002d688000 	/usr/lib/system/libsystem_secinit.dylib
0x000000002d688000 	/usr/lib/system/libsystem_symptoms.dylib
0x000000002d688000 	/usr/lib/system/libsystem_trace.dylib
0x000000002d688000 	/usr/lib/system/libunwind.dylib
0x000000002d688000 	/usr/lib/system/libxpc.dylib
0x000000002d688000 	/usr/lib/libbsm.0.dylib
0x000000002d688000 	/usr/lib/system/libkxld.dylib
0x000000002d688000 	/usr/lib/libcoretls.dylib
0x000000002d688000 	/usr/lib/libcoretls_cfhelpers.dylib
0x000000002d688000 	/usr/lib/libOpenScriptingUtil.dylib
0x000000002d688000 	/usr/lib/libpam.2.dylib
0x000000002d688000 	/usr/lib/libsqlite3.dylib
0x000000002d688000 	/usr/lib/libxar.1.dylib
0x000000002d688000 	/usr/lib/libbz2.1.0.dylib
0x000000002d688000 	/usr/lib/liblzma.5.dylib
0x000000002d688000 	/usr/lib/libnetwork.dylib
0x000000002d688000 	/usr/lib/libpcap.A.dylib
0x000000002d688000 	/System/Library/Frameworks/CoreServices.framework/Versions/A/Frameworks/FSEvents.framework/Versions/A/FSEvents
0x000000002d688000 	/System/Library/Frameworks/CoreServices.framework/Versions/A/Frameworks/CarbonCore.framework/Versions/A/CarbonCore
0x000000002d688000 	/System/Library/Frameworks/CoreServices.framework/Versions/A/Frameworks/Metadata.framework/Versions/A/Metadata
0x000000002d688000 	/System/Library/Frameworks/CoreServices.framework/Versions/A/Frameworks/OSServices.framework/Versions/A/OSServices
0x000000002d688000 	/System/Library/Frameworks/CoreServices.framework/Versions/A/Frameworks/SearchKit.framework/Versions/A/SearchKit
0x000000002d688000 	/System/Library/Frameworks/CoreServices.framework/Versions/A/Frameworks/AE.framework/Versions/A/AE
0x000000002d688000 	/System/Library/Frameworks/CoreServices.framework/Versions/A/Frameworks/LaunchServices.framework/Versions/A/LaunchServices
0x000000002d688000 	/System/Library/Frameworks/CoreServices.framework/Versions/A/Frameworks/DictionaryServices.framework/Versions/A/DictionaryServices
0x000000002d688000 	/System/Library/Frameworks/CoreServices.framework/Versions/A/Frameworks/SharedFileList.framework/Versions/A/SharedFileList
0x000000002d688000 	/System/Library/Frameworks/NetFS.framework/Versions/A/NetFS
0x000000002d688000 	/System/Library/PrivateFrameworks/NetAuth.framework/Versions/A/NetAuth
0x000000002d688000 	/System/Library/PrivateFrameworks/login.framework/Versions/A/Frameworks/loginsupport.framework/Versions/A/loginsupport
0x000000002d688000 	/System/Library/PrivateFrameworks/TCC.framework/Versions/A/TCC
0x000000002d688000 	/usr/lib/libmecabra.dylib
0x000000002d688000 	/System/Library/Frameworks/ApplicationServices.framework/Versions/A/Frameworks/ATS.framework/Versions/A/ATS
0x000000002d688000 	/System/Library/Frameworks/ApplicationServices.framework/Versions/A/Frameworks/ColorSync.framework/Versions/A/ColorSync
0x000000002d688000 	/System/Library/Frameworks/ApplicationServices.framework/Versions/A/Frameworks/HIServices.framework/Versions/A/HIServices
0x000000002d688000 	/System/Library/Frameworks/ApplicationServices.framework/Versions/A/Frameworks/LangAnalysis.framework/Versions/A/LangAnalysis
0x000000002d688000 	/System/Library/Frameworks/ApplicationServices.framework/Versions/A/Frameworks/PrintCore.framework/Versions/A/PrintCore
0x000000002d688000 	/System/Library/Frameworks/ApplicationServices.framework/Versions/A/Frameworks/QD.framework/Versions/A/QD
0x000000002d688000 	/System/Library/Frameworks/ApplicationServices.framework/Versions/A/Frameworks/SpeechSynthesis.framework/Versions/A/SpeechSynthesis
0x000000002d688000 	/System/Library/Frameworks/Accelerate.framework/Versions/A/Frameworks/vImage.framework/Versions/A/vImage
0x000000002d688000 	/System/Library/Frameworks/Accelerate.framework/Versions/A/Frameworks/vecLib.framework/Versions/A/vecLib
0x000000002d688000 	/System/Library/Frameworks/Accelerate.framework/Versions/A/Frameworks/vecLib.framework/Versions/A/libvDSP.dylib
0x000000002d688000 	/System/Library/Frameworks/Accelerate.framework/Versions/A/Frameworks/vecLib.framework/Versions/A/libBNNS.dylib
0x000000002d688000 	/System/Library/Frameworks/Accelerate.framework/Versions/A/Frameworks/vecLib.framework/Versions/A/libQuadrature.dylib
0x000000002d688000 	/System/Library/Frameworks/Accelerate.framework/Versions/A/Frameworks/vecLib.framework/Versions/A/libvMisc.dylib
0x000000002d688000 	/System/Library/Frameworks/Accelerate.framework/Versions/A/Frameworks/vecLib.framework/Versions/A/libLAPACK.dylib
0x000000002d688000 	/System/Library/Frameworks/Accelerate.framework/Versions/A/Frameworks/vecLib.framework/Versions/A/libBLAS.dylib
0x000000002d688000 	/System/Library/Frameworks/Accelerate.framework/Versions/A/Frameworks/vecLib.framework/Versions/A/libLinearAlgebra.dylib
0x000000002d688000 	/System/Library/Frameworks/Accelerate.framework/Versions/A/Frameworks/vecLib.framework/Versions/A/libSparseBLAS.dylib
0x000000002d688000 	/System/Library/Frameworks/ApplicationServices.framework/Versions/A/Frameworks/ATS.framework/Versions/A/Resources/libFontParser.dylib
0x000000002d688000 	/System/Library/Frameworks/ApplicationServices.framework/Versions/A/Frameworks/ATS.framework/Versions/A/Resources/libFontRegistry.dylib
0x000000002d688000 	/System/Library/Frameworks/ImageIO.framework/Versions/A/Resources/libJPEG.dylib
0x000000002d688000 	/System/Library/Frameworks/ImageIO.framework/Versions/A/Resources/libTIFF.dylib
0x000000002d688000 	/System/Library/Frameworks/ImageIO.framework/Versions/A/Resources/libPng.dylib
0x000000002d688000 	/System/Library/Frameworks/ImageIO.framework/Versions/A/Resources/libGIF.dylib
0x000000002d688000 	/System/Library/Frameworks/ImageIO.framework/Versions/A/Resources/libJP2.dylib
0x000000002d688000 	/System/Library/Frameworks/ImageIO.framework/Versions/A/Resources/libRadiance.dylib
0x000000002d688000 	/usr/lib/libcompression.dylib
0x000000002d688000 	/System/Library/PrivateFrameworks/AppleJPEG.framework/Versions/A/AppleJPEG
0x000000002d688000 	/usr/lib/libcups.2.dylib
0x000000002d688000 	/System/Library/Frameworks/Kerberos.framework/Versions/A/Kerberos
0x000000002d688000 	/System/Library/Frameworks/GSS.framework/Versions/A/GSS
0x000000002d688000 	/usr/lib/libresolv.9.dylib
0x000000002d688000 	/usr/lib/libiconv.2.dylib
0x000000002d688000 	/System/Library/PrivateFrameworks/Heimdal.framework/Versions/A/Heimdal
0x000000002d688000 	/usr/lib/libheimdal-asn1.dylib
0x000000002d688000 	/System/Library/Frameworks/OpenDirectory.framework/Versions/A/OpenDirectory
0x000000002d688000 	/System/Library/PrivateFrameworks/CommonAuth.framework/Versions/A/CommonAuth
0x000000002d688000 	/System/Library/Frameworks/OpenDirectory.framework/Versions/A/Frameworks/CFOpenDirectory.framework/Versions/A/CFOpenDirectory
0x000000002d688000 	/System/Library/Frameworks/SecurityFoundation.framework/Versions/A/SecurityFoundation
0x000000002d688000 	/System/Library/PrivateFrameworks/LanguageModeling.framework/Versions/A/LanguageModeling
0x000000002d688000 	/usr/lib/libmarisa.dylib
0x000000002d688000 	/usr/lib/libChineseTokenizer.dylib
0x000000002d688000 	/usr/lib/libcmph.dylib
0x000000002d688000 	/System/Library/PrivateFrameworks/CoreEmoji.framework/Versions/A/CoreEmoji
0x000000002d688000 	/System/Library/Frameworks/ServiceManagement.framework/Versions/A/ServiceManagement
0x000000002d688000 	/usr/lib/libxslt.1.dylib
0x000000002d688000 	/System/Library/Frameworks/Carbon.framework/Versions/A/Frameworks/Ink.framework/Versions/A/Ink
0x000000002d688000 	/System/Library/PrivateFrameworks/TextureIO.framework/Versions/A/TextureIO
0x000000002d688000 	/System/Library/Frameworks/Metal.framework/Versions/A/Metal
0x000000002d688000 	/usr/lib/libate.dylib
0x000000002d688000 	/System/Library/PrivateFrameworks/GPUCompiler.framework/libmetal_timestamp.dylib
0x000000002d688000 	/System/Library/Frameworks/OpenGL.framework/Versions/A/Libraries/libCoreFSCache.dylib
0x000000002d688000 	/System/Library/PrivateFrameworks/IOAccelerator.framework/Versions/A/IOAccelerator
0x000000002d688000 	/System/Library/Frameworks/CoreVideo.framework/Versions/A/CoreVideo
0x000000002d688000 	/usr/lib/libFosl_dynamic.dylib
0x000000002d688000 	/System/Library/PrivateFrameworks/MetalPerformanceShaders.framework/Versions/A/MetalPerformanceShaders
0x000000002d688000 	/System/Library/PrivateFrameworks/FaceCore.framework/Versions/A/FaceCore
0x000000002d688000 	/System/Library/Frameworks/OpenCL.framework/Versions/A/OpenCL
0x000000002d688000 	/System/Library/Frameworks/OpenGL.framework/Versions/A/Libraries/libGLU.dylib
0x000000002d688000 	/System/Library/Frameworks/OpenGL.framework/Versions/A/Libraries/libGFXShared.dylib
0x000000002d688000 	/System/Library/Frameworks/OpenGL.framework/Versions/A/Libraries/libGL.dylib
0x000000002d688000 	/System/Library/Frameworks/OpenGL.framework/Versions/A/Libraries/libGLImage.dylib
0x000000002d688000 	/System/Library/Frameworks/OpenGL.framework/Versions/A/Libraries/libCVMSPluginSupport.dylib
0x000000002d688000 	/System/Library/Frameworks/OpenGL.framework/Versions/A/Libraries/libCoreVMClient.dylib
0x000000002d688000 	/System/Library/PrivateFrameworks/CrashReporterSupport.framework/Versions/A/CrashReporterSupport
0x000000002d688000 	/System/Library/PrivateFrameworks/Sharing.framework/Versions/A/Sharing
0x000000002d688000 	/System/Library/PrivateFrameworks/IconServices.framework/Versions/A/IconServices
0x000000002d688000 	/System/Library/PrivateFrameworks/ProtocolBuffer.framework/Versions/A/ProtocolBuffer
0x000000002d688000 	/System/Library/PrivateFrameworks/Apple80211.framework/Versions/A/Apple80211
0x000000002d688000 	/System/Library/Frameworks/CoreWLAN.framework/Versions/A/CoreWLAN
0x000000002d688000 	/System/Library/PrivateFrameworks/CoreUtils.framework/Versions/A/CoreUtils
0x000000002d688000 	/System/Library/Frameworks/IOBluetooth.framework/Versions/A/IOBluetooth
0x000000002d688000 	/System/Library/PrivateFrameworks/CoreWiFi.framework/Versions/A/CoreWiFi
0x000000002d688000 	/System/Library/Frameworks/CoreBluetooth.framework/Versions/A/CoreBluetooth
0x000000002d688000 	/System/Library/Frameworks/CoreDisplay.framework/Versions/A/CoreDisplay
0x000000002d688000 	/System/Library/PrivateFrameworks/IOPresentment.framework/Versions/A/IOPresentment
0x000000002d688000 	/System/Library/PrivateFrameworks/DSExternalDisplay.framework/Versions/A/DSExternalDisplay
0x000000002d688000 	/System/Library/PrivateFrameworks/DebugSymbols.framework/Versions/A/DebugSymbols
0x000000002d688000 	/System/Library/PrivateFrameworks/CoreSymbolication.framework/Versions/A/CoreSymbolication
0x000000002d688000 	/System/Library/PrivateFrameworks/Symbolication.framework/Versions/A/Symbolication
0x000000002d688000 	/System/Library/PrivateFrameworks/AppleFSCompression.framework/Versions/A/AppleFSCompression
0x000000002d688000 	/System/Library/PrivateFrameworks/SpeechRecognitionCore.framework/Versions/A/SpeechRecognitionCore
0x000000002d688000 	/System/Library/PrivateFrameworks/ChunkingLibrary.framework/Versions/A/ChunkingLibrary
0x000000010d98f000 	/Library/Java/JavaVirtualMachines/jdk1.8.0_92.jdk/Contents/Home/jre/lib/server/libjvm.dylib
0x000000002d688000 	/usr/lib/libstdc++.6.dylib
0x000000010e926000 	/Library/Java/JavaVirtualMachines/jdk1.8.0_92.jdk/Contents/Home/jre/lib/libverify.dylib
0x000000010e934000 	/Library/Java/JavaVirtualMachines/jdk1.8.0_92.jdk/Contents/Home/jre/lib/libjava.dylib
0x000000010e973000 	/Library/Java/JavaVirtualMachines/jdk1.8.0_92.jdk/Contents/Home/jre/lib/libzip.dylib
0x00000001122bd000 	/System/Library/Frameworks/JavaVM.framework/Frameworks/JavaRuntimeSupport.framework/JavaRuntimeSupport
0x00000001122d7000 	/System/Library/Frameworks/JavaVM.framework/Versions/A/Frameworks/JavaNativeFoundation.framework/Versions/A/JavaNativeFoundation
0x00000001122ec000 	/System/Library/Frameworks/JavaVM.framework/Versions/A/JavaVM
0x000000002d688000 	/System/Library/Frameworks/Carbon.framework/Versions/A/Carbon
0x00000001122f9000 	/System/Library/PrivateFrameworks/JavaLaunching.framework/Versions/A/JavaLaunching
0x000000002d688000 	/System/Library/Frameworks/Carbon.framework/Versions/A/Frameworks/CommonPanels.framework/Versions/A/CommonPanels
0x000000002d688000 	/System/Library/Frameworks/Carbon.framework/Versions/A/Frameworks/Help.framework/Versions/A/Help
0x000000002d688000 	/System/Library/Frameworks/Carbon.framework/Versions/A/Frameworks/ImageCapture.framework/Versions/A/ImageCapture
0x000000002d688000 	/System/Library/Frameworks/Carbon.framework/Versions/A/Frameworks/OpenScripting.framework/Versions/A/OpenScripting
0x000000002d688000 	/System/Library/Frameworks/Carbon.framework/Versions/A/Frameworks/Print.framework/Versions/A/Print
0x000000002d688000 	/System/Library/Frameworks/Carbon.framework/Versions/A/Frameworks/SecurityHI.framework/Versions/A/SecurityHI
0x000000012affa000 	/Library/Java/JavaVirtualMachines/jdk1.8.0_92.jdk/Contents/Home/jre/lib/libawt.dylib
0x000000012b0a2000 	/Library/Java/JavaVirtualMachines/jdk1.8.0_92.jdk/Contents/Home/jre/lib/./libmlib_image.dylib
0x000000012b16e000 	/Library/Java/JavaVirtualMachines/jdk1.8.0_92.jdk/Contents/Home/jre/lib/libawt_lwawt.dylib
0x000000011234f000 	/Library/Java/JavaVirtualMachines/jdk1.8.0_92.jdk/Contents/Home/jre/lib/./libosxapp.dylib
0x000000002d688000 	/System/Library/Frameworks/ExceptionHandling.framework/Versions/A/ExceptionHandling
0x000000002d688000 	/System/Library/PrivateFrameworks/CoreServicesInternal.framework/Versions/A/CoreServicesInternal
0x000000002d688000 	/System/Library/CoreServices/RawCamera.bundle/Contents/MacOS/RawCamera
0x000000002d688000 	/System/Library/Frameworks/Accelerate.framework/Versions/A/Frameworks/vImage.framework/Versions/A/Libraries/libCGInterfaces.dylib
0x000000002d688000 	/System/Library/Frameworks/ApplicationServices.framework/Versions/A/Frameworks/ATS.framework/Versions/A/Resources/libTrueTypeScaler.dylib
0x000000012cf63000 	/System/Library/Frameworks/OpenGL.framework/Resources/GLEngine.bundle/GLEngine
0x000000002d688000 	/System/Library/Frameworks/OpenGL.framework/Versions/A/Libraries/libGLProgrammability.dylib
0x000000012d148000 	/System/Library/Extensions/AppleIntelBDWGraphicsGLDriver.bundle/Contents/MacOS/AppleIntelBDWGraphicsGLDriver
0x000000002d688000 	/System/Library/PrivateFrameworks/GPUSupport.framework/Versions/A/Libraries/libGPUSupportMercury.dylib
0x000000012d8b2000 	/System/Library/Frameworks/OpenGL.framework/Resources//GLRendererFloat.bundle/GLRendererFloat
0x000000002d688000 	/System/Library/Frameworks/OpenCL.framework/Versions/A/Libraries/libcldcpuengine.dylib
0x000000002d688000 	/usr/lib/libcrypto.0.9.8.dylib
0x000000002d688000 	/System/Library/PrivateFrameworks/TrustEvaluationAgent.framework/Versions/A/TrustEvaluationAgent
0x000000012d8e6000 	/System/Library/Extensions/AppleIntelBDWGraphicsMTLDriver.bundle/Contents/MacOS/AppleIntelBDWGraphicsMTLDriver
0x000000002d688000 	/System/Library/PrivateFrameworks/FamilyControls.framework/Versions/A/FamilyControls
0x000000002d688000 	/System/Library/PrivateFrameworks/CommerceKit.framework/Versions/A/Frameworks/CommerceCore.framework/Versions/A/CommerceCore
0x000000002d688000 	/System/Library/PrivateFrameworks/SystemAdministration.framework/Versions/A/SystemAdministration
0x000000002d688000 	/System/Library/PrivateFrameworks/AppContainer.framework/Versions/A/AppContainer
0x000000002d688000 	/System/Library/PrivateFrameworks/SecCodeWrapper.framework/Versions/A/SecCodeWrapper
0x000000002d688000 	/System/Library/Frameworks/DirectoryService.framework/Versions/A/DirectoryService
0x000000002d688000 	/System/Library/PrivateFrameworks/DiskImages.framework/Versions/A/DiskImages
0x000000002d688000 	/System/Library/PrivateFrameworks/LoginUIKit.framework/Versions/A/Frameworks/LoginUICore.framework/Versions/A/LoginUICore
0x000000002d688000 	/usr/lib/libCoreStorage.dylib
0x000000002d688000 	/usr/lib/libcsfde.dylib
0x000000002d688000 	/usr/lib/libodfde.dylib
0x000000002d688000 	/System/Library/Frameworks/DiscRecording.framework/Versions/A/DiscRecording
0x000000002d688000 	/usr/lib/libcurl.4.dylib
0x000000002d688000 	/System/Library/PrivateFrameworks/MediaKit.framework/Versions/A/MediaKit
0x000000002d688000 	/System/Library/PrivateFrameworks/ProtectedCloudStorage.framework/Versions/A/ProtectedCloudStorage
0x000000002d688000 	/System/Library/PrivateFrameworks/EFILogin.framework/Versions/A/EFILogin
0x000000002d688000 	/usr/lib/libutil.dylib
0x000000002d688000 	/System/Library/Frameworks/LDAP.framework/Versions/A/LDAP
0x000000002d688000 	/usr/lib/libsasl2.2.dylib
0x000000002d688000 	/System/Library/PrivateFrameworks/CoreDaemon.framework/Versions/B/CoreDaemon
0x000000002d688000 	/System/Library/PrivateFrameworks/AppleSRP.framework/Versions/A/AppleSRP
0x000000002d688000 	/System/Library/PrivateFrameworks/APFS.framework/Versions/A/APFS
0x000000012f0d5000 	/Library/Java/JavaVirtualMachines/jdk1.8.0_92.jdk/Contents/Home/jre/lib/libfontmanager.dylib
0x000000012baa3000 	/Library/Java/JavaVirtualMachines/jdk1.8.0_92.jdk/Contents/Home/jre/lib/libosxui.dylib
0x000000002d688000 	/System/Library/PrivateFrameworks/ViewBridge.framework/Versions/A/ViewBridge
0x000000002d688000 	/System/Library/PrivateFrameworks/XPCService.framework/Versions/A/XPCService
0x000000002d688000 	/System/Library/PrivateFrameworks/AppSandbox.framework/Versions/A/AppSandbox
0x000000002d688000 	/usr/lib/libsandbox.1.dylib
0x000000002d688000 	/usr/lib/libMatch.1.dylib
0x0000000130d13000 	/Library/Java/JavaVirtualMachines/jdk1.8.0_92.jdk/Contents/Home/jre/lib/libnet.dylib
0x0000000130d2a000 	/Library/Java/JavaVirtualMachines/jdk1.8.0_92.jdk/Contents/Home/jre/lib/libnio.dylib
0x000000002d688000 	/System/Library/PrivateFrameworks/CloudDocs.framework/Versions/A/CloudDocs
0x000000002d688000 	/System/Library/Frameworks/CloudKit.framework/Versions/A/CloudKit
0x000000002d688000 	/System/Library/PrivateFrameworks/MMCS.framework/Versions/A/MMCS
0x000000002d688000 	/System/Library/Frameworks/CoreLocation.framework/Versions/A/CoreLocation
0x000000002d688000 	/System/Library/PrivateFrameworks/AssetCacheServices.framework/Versions/A/AssetCacheServices
0x000000002d688000 	/System/Library/PrivateFrameworks/GeoServices.framework/Versions/A/GeoServices
0x0000000163424000 	/Library/Java/JavaVirtualMachines/jdk1.8.0_92.jdk/Contents/Home/jre/lib/libdcpr.dylib

VM Arguments:
java_command: CPUEmulatorMain
java_class_path (initial): :bin/classes:bin/lib/Hack.jar:bin/lib/HackGUI.jar:bin/lib/Simulators.jar:bin/lib/SimulatorsGUI.jar:bin/lib/Compilers.jar
Launcher Type: SUN_STANDARD

Environment Variables:
PATH=/Users/bigern/.rvm/gems/ruby-2.2.1/bin:/Users/bigern/.rvm/gems/ruby-2.2.1@global/bin:/Users/bigern/.rvm/rubies/ruby-2.2.1/bin:/usr/local/bin:/usr/bin:/bin:/usr/sbin:/sbin:/opt/X11/bin:/usr/local/bin:/usr/bin:/bin:/usr/sbin:/sbin:/Users/bigern/.rvm/bin
SHELL=/bin/zsh
DISPLAY=/private/tmp/com.apple.launchd.rjxly9R22S/org.macosforge.xquartz:0

Signal Handlers:
SIGSEGV: [libjvm.dylib+0x5aa779], sa_mask[0]=11111111011111110111111111111111, sa_flags=SA_ONSTACK|SA_RESTART|SA_SIGINFO
SIGBUS: [libjvm.dylib+0x5aa779], sa_mask[0]=11111111011111110111111111111111, sa_flags=SA_RESTART|SA_SIGINFO
SIGFPE: [libjvm.dylib+0x4831d0], sa_mask[0]=11111111011111110111111111111111, sa_flags=SA_RESTART|SA_SIGINFO
SIGPIPE: [libjvm.dylib+0x4831d0], sa_mask[0]=11111111011111110111111111111111, sa_flags=SA_RESTART|SA_SIGINFO
SIGXFSZ: [libjvm.dylib+0x4831d0], sa_mask[0]=11111111011111110111111111111111, sa_flags=SA_RESTART|SA_SIGINFO
SIGILL: [libjvm.dylib+0x4831d0], sa_mask[0]=11111111011111110111111111111111, sa_flags=SA_RESTART|SA_SIGINFO
SIGUSR1: SIG_DFL, sa_mask[0]=00000000000000000000000000000000, sa_flags=SA_RESTART
SIGUSR2: [libjvm.dylib+0x482cee], sa_mask[0]=00000000000000000000000000000000, sa_flags=SA_RESTART|SA_SIGINFO
SIGHUP: [libjvm.dylib+0x4812c5], sa_mask[0]=11111111011111110111111111111111, sa_flags=SA_RESTART|SA_SIGINFO
SIGINT: SIG_IGN, sa_mask[0]=00000000000000000000000000000000, sa_flags=none
SIGTERM: [libjvm.dylib+0x4812c5], sa_mask[0]=11111111011111110111111111111111, sa_flags=SA_RESTART|SA_SIGINFO
SIGQUIT: [libjvm.dylib+0x4812c5], sa_mask[0]=11111111011111110111111111111111, sa_flags=SA_RESTART|SA_SIGINFO


---------------  S Y S T E M  ---------------

OS:Bsduname:Darwin 16.7.0 Darwin Kernel Version 16.7.0: Thu Jan 11 22:59:40 PST 2018; root:xnu-3789.73.8~1/RELEASE_X86_64 x86_64
rlimit: STACK 8192k, CORE 0k, NPROC 709, NOFILE 10240, AS infinity
load average:2.34 2.04 1.96

CPU:total 4 (2 cores per cpu, 2 threads per core) family 6 model 61 stepping 4, cmov, cx8, fxsr, mmx, sse, sse2, sse3, ssse3, sse4.1, sse4.2, popcnt, avx, avx2, aes, clmul, erms, 3dnowpref, lzcnt, ht, tsc, tscinvbit, bmi1, bmi2, adx

Memory: 4k page, physical 16777216k(3729008k free)

/proc/meminfo:


vm_info: Java HotSpot(TM) 64-Bit Server VM (25.92-b14) for bsd-amd64 JRE (1.8.0_92-b14), built on Mar 31 2016 21:23:14 by "java_re" with gcc 4.2.1 (Based on Apple Inc. build 5658) (LLVM build 2336.11.00)

time: Sun Apr 15 17:24:06 2018
elapsed time: 799833 seconds (9d 6h 10m 33s)

